[debug] [2018-04-17T12:25:47.815Z] ----------------------------------------------------------------------
[debug] [2018-04-17T12:25:47.818Z] Command:       /home/jin/n/bin/node /home/jin/n/bin/firebase deploy --only functions
[debug] [2018-04-17T12:25:47.818Z] CLI Version:   3.18.4
[debug] [2018-04-17T12:25:47.818Z] Platform:      linux
[debug] [2018-04-17T12:25:47.818Z] Node Version:  v9.6.1
[debug] [2018-04-17T12:25:47.819Z] Time:          Tue Apr 17 2018 21:25:47 GMT+0900 (DST)
[debug] [2018-04-17T12:25:47.819Z] ----------------------------------------------------------------------
[debug] 
[debug] [2018-04-17T12:25:47.833Z] > command requires scopes: ["email","openid","https://www.googleapis.com/auth/cloudplatformprojects.readonly","https://www.googleapis.com/auth/firebase","https://www.googleapis.com/auth/cloud-platform"]
[debug] [2018-04-17T12:25:47.834Z] > authorizing via signed-in user
[debug] [2018-04-17T12:25:47.837Z] >>> HTTP REQUEST GET https://admin.firebase.com/v1/projects/airquality-action  
  
 Tue Apr 17 2018 21:25:47 GMT+0900 (DST)
[debug] [2018-04-17T12:25:48.837Z] <<< HTTP RESPONSE 200
[debug] [2018-04-17T12:25:48.838Z] >>> HTTP REQUEST GET https://admin.firebase.com/v1/database/airquality-action/tokens  
  
 Tue Apr 17 2018 21:25:48 GMT+0900 (DST)
[debug] [2018-04-17T12:25:49.679Z] <<< HTTP RESPONSE 200
[info] 
[info] === Deploying to 'airquality-action'...
[info] 
[info] i  deploying functions
[info] Running command: npm --prefix "$RESOURCE_DIR" run lint
[info] ✔  functions: Finished running predeploy script.
[debug] [2018-04-17T12:25:55.687Z] > [functions] package.json contents: {
  "name": "functions",
  "description": "Cloud Functions for Firebase",
  "scripts": {
    "lint": "eslint .",
    "serve": "firebase serve --only functions",
    "shell": "firebase functions:shell",
    "start": "npm run shell",
    "deploy": "firebase deploy --only functions",
    "logs": "firebase functions:log"
  },
  "dependencies": {
    "actions-on-google": "^2.0.1",
    "firebase-admin": "~5.12.0",
    "firebase-functions": "^1.0.1"
  },
  "devDependencies": {
    "eslint": "^4.12.0",
    "eslint-plugin-promise": "^3.6.0"
  },
  "private": true
}
[info] i  functions: ensuring necessary APIs are enabled...
[debug] [2018-04-17T12:25:55.693Z] >>> HTTP REQUEST GET https://servicemanagement.googleapis.com/v1/services/cloudfunctions.googleapis.com/projectSettings/airquality-action?view=CONSUMER_VIEW  
  
 Tue Apr 17 2018 21:25:55 GMT+0900 (DST)
[debug] [2018-04-17T12:25:55.694Z] >>> HTTP REQUEST GET https://servicemanagement.googleapis.com/v1/services/runtimeconfig.googleapis.com/projectSettings/airquality-action?view=CONSUMER_VIEW  
  
 Tue Apr 17 2018 21:25:55 GMT+0900 (DST)
[debug] [2018-04-17T12:25:57.131Z] <<< HTTP RESPONSE 200
[debug] [2018-04-17T12:25:57.149Z] <<< HTTP RESPONSE 200
[info] ✔  functions: all necessary APIs are enabled
[debug] [2018-04-17T12:25:57.151Z] >>> HTTP REQUEST GET https://cloudresourcemanager.googleapis.com/v1/projects/airquality-action  
  
 Tue Apr 17 2018 21:25:57 GMT+0900 (DST)
[debug] [2018-04-17T12:25:58.117Z] <<< HTTP RESPONSE 200
[debug] [2018-04-17T12:25:58.118Z] >>> HTTP REQUEST GET https://mobilesdk-pa.googleapis.com/v1/projects/55831416921:getServerAppConfig  
  
 Tue Apr 17 2018 21:25:58 GMT+0900 (DST)
[debug] [2018-04-17T12:25:58.884Z] <<< HTTP RESPONSE 200
[info] i  functions: preparing functions directory for uploading...
[debug] [2018-04-17T12:25:58.886Z] >>> HTTP REQUEST GET https://runtimeconfig.googleapis.com/v1beta1/projects/airquality-action/configs  
  
 Tue Apr 17 2018 21:25:58 GMT+0900 (DST)
[debug] [2018-04-17T12:25:59.512Z] <<< HTTP RESPONSE 200
[info] i  functions: packaged functions (50.84 KB) for uploading
[debug] [2018-04-17T12:26:00.047Z] >>> HTTP REQUEST POST https://cloudfunctions.googleapis.com/v1/projects/airquality-action/locations/us-central1/functions:generateUploadUrl  
  
 Tue Apr 17 2018 21:26:00 GMT+0900 (DST)
[debug] [2018-04-17T12:26:30.353Z] <<< HTTP RESPONSE 503
[debug] [2018-04-17T12:26:30.353Z] <<< HTTP RESPONSE BODY {
  "error": {
    "code": 503,
    "message": "The service is currently unavailable.",
    "status": "UNAVAILABLE"
  }
}

[debug] [2018-04-17T12:26:30.356Z] TypeError: Cannot create property 'error' on string '{
  "error": {
    "code": 503,
    "message": "The service is currently unavailable.",
    "status": "UNAVAILABLE"
  }
}
'
    at module.exports (/home/jin/n/lib/node_modules/firebase-tools/lib/responseToError.js:11:16)
    at Request._callback (/home/jin/n/lib/node_modules/firebase-tools/lib/api.js:47:25)
    at Request.self.callback (/home/jin/n/lib/node_modules/firebase-tools/node_modules/request/request.js:186:22)
    at Request.emit (events.js:127:13)
    at Request.emit (domain.js:421:20)
    at Request.<anonymous> (/home/jin/n/lib/node_modules/firebase-tools/node_modules/request/request.js:1163:10)
    at Request.emit (events.js:127:13)
    at Request.emit (domain.js:421:20)
    at IncomingMessage.<anonymous> (/home/jin/n/lib/node_modules/firebase-tools/node_modules/request/request.js:1085:12)
    at Object.onceWrapper (events.js:219:13)
[error] 
[error] Error: An unexpected error has occurred.
